
*** tstart() called on peacock04
*** at Wed Sep 13 23:09:22 2023

   => Loading Basis Set <=

    Name: RADONPY_BASIS
    Role: ORBITAL
    Keyword: BASIS
    atoms 1, 3-5 entry H          line    44 file /home/weilin/mambaforge/envs/p4env/share/psi4/basis/6-31g_d_.gbs 
    atoms 2      entry C          line   111 file /home/weilin/mambaforge/envs/p4env/share/psi4/basis/6-31g_d_.gbs 


         ---------------------------------------------------------
                                   SCF
               by Justin Turney, Rob Parrish, Andy Simmonett
                          and Daniel G. A. Smith
                              RHF Reference
                        2 Threads,    953 MiB Core
         ---------------------------------------------------------

  ==> Geometry <==

    Molecular point group: c1
    Full point group: C1

    Geometry (in Angstrom), charge = 0, multiplicity = 1:

       Center              X                  Y                   Z               Mass       
    ------------   -----------------  -----------------  -----------------  -----------------
         H            0.948944889384    -0.460714250616    -0.275294141337     1.007825032230
         C            0.000023399384    -0.000012770616     0.000010288663    12.000000000000
         H            0.048147279384     1.072316809384    -0.190628671337     1.007825032230
         H           -0.194749690616    -0.172398900616     1.058716048663     1.007825032230
         H           -0.802621090616    -0.439051600616    -0.592915741337     1.007825032230

  Running in c1 symmetry.

  Rotational constants: A =      5.27895  B =      5.27770  C =      5.27605 [cm^-1]
  Rotational constants: A = 158258.99589  B = 158221.50613  C = 158171.93677 [MHz]
  Nuclear repulsion =   13.432978174920425

  Charge       = 0
  Multiplicity = 1
  Electrons    = 10
  Nalpha       = 5
  Nbeta        = 5

  ==> Algorithm <==

  SCF Algorithm Type is DF.
  DIIS enabled.
  MOM disabled.
  Fractional occupation disabled.
  Guess Type is SAD.
  Energy threshold   = 1.00e-06
  Density threshold  = 1.00e-06
  Integral threshold = 1.00e-12

  ==> Primary Basis <==

  Basis Set: RADONPY_BASIS
    Blend: 6-31G_D_
    Number of shells: 14
    Number of basis functions: 23
    Number of Cartesian functions: 23
    Spherical Harmonics?: false
    Max angular momentum: 2

   => Loading Basis Set <=

    Name: (RADONPY_BASIS AUX)
    Role: JKFIT
    Keyword: DF_BASIS_SCF
    atoms 1, 3-5 entry H          line    51 file /home/weilin/mambaforge/envs/p4env/share/psi4/basis/cc-pvdz-jkfit.gbs 
    atoms 2      entry C          line   121 file /home/weilin/mambaforge/envs/p4env/share/psi4/basis/cc-pvdz-jkfit.gbs 

  ==> Integral Setup <==

  DFHelper Memory: AOs need 0.001 GiB; user supplied 0.698 GiB. Using in-core AOs.

  ==> MemDFJK: Density-Fitted J/K Matrices <==

    J tasked:                   Yes
    K tasked:                   Yes
    wK tasked:                   No
    OpenMP threads:               2
    Memory [MiB]:               715
    Algorithm:                 Core
    Schwarz Cutoff:           1E-12
    Mask sparsity (%):       0.0000
    Fitting Condition:        1E-10

   => Auxiliary Basis Set <=

  Basis Set: (RADONPY_BASIS AUX)
    Blend: CC-PVDZ-JKFIT
    Number of shells: 60
    Number of basis functions: 181
    Number of Cartesian functions: 181
    Spherical Harmonics?: false
    Max angular momentum: 3

  Minimum eigenvalue in the overlap matrix is 1.7781590533E-02.
  Reciprocal condition number of the overlap matrix is 3.1661951128E-03.
    Using symmetric orthogonalization.

  ==> Pre-Iterations <==

  SCF Guess: Superposition of Atomic Densities via on-the-fly atomic UHF (no occupation information).

   -------------------------
    Irrep   Nso     Nmo    
   -------------------------
     A         23      23 
   -------------------------
    Total      23      23
   -------------------------

  ==> Iterations <==

                           Total Energy        Delta E     RMS |[F,P]|

   @DF-RHF iter SAD:   -39.67072099163384   -3.96707e+01   0.00000e+00 
   @DF-RHF iter   1:   -40.15410297795268   -4.83382e-01   1.11754e-02 DIIS/ADIIS
   @DF-RHF iter   2:   -40.18942552621628   -3.53225e-02   4.52633e-03 DIIS/ADIIS
   @DF-RHF iter   3:   -40.19470325355807   -5.27773e-03   7.74270e-04 DIIS/ADIIS
   @DF-RHF iter   4:   -40.19506572691938   -3.62473e-04   8.44977e-05 DIIS
   @DF-RHF iter   5:   -40.19506939162308   -3.66470e-06   3.88118e-06 DIIS
   @DF-RHF iter   6:   -40.19506939924674   -7.62366e-09   2.21595e-07 DIIS
  Energy and wave function converged.


  ==> Post-Iterations <==

    Orbital Energies [Eh]
    ---------------------

    Doubly Occupied:                                                      

       1A    -11.208133     2A     -0.941876     3A     -0.544582  
       4A     -0.544499     5A     -0.544408  

    Virtual:                                                              

       6A      0.255772     7A      0.326001     8A      0.326037  
       9A      0.326065    10A      0.730483    11A      0.730543  
      12A      0.730582    13A      1.178538    14A      1.178645  
      15A      1.178745    16A      1.241141    17A      1.312518  
      18A      1.942974    19A      1.943030    20A      2.582473  
      21A      2.582560    22A      2.582678    23A      4.606727  

    Final Occupation by Irrep:
              A 
    DOCC [     5 ]
    NA   [     5 ]
    NB   [     5 ]

  @DF-RHF Final Energy:   -40.19506939924674

   => Energetics <=

    Nuclear Repulsion Energy =             13.4329781749204251
    One-Electron Energy =                 -79.6891031000581904
    Two-Electron Energy =                  26.0610555258910281
    Total Energy =                        -40.1950693992467407

Computation Completed


Properties will be evaluated at   0.000000,   0.000000,   0.000000 [a0]

Properties computed using the HF density matrix


 Multipole Moments:

 ------------------------------------------------------------------------------------
     Multipole            Electronic (a.u.)      Nuclear  (a.u.)        Total (a.u.)
 ------------------------------------------------------------------------------------

 L = 1.  Multiply by 2.5417464519 to convert [e a0] to [Debye]
 Dipole X            :          0.0002296           -0.0002612           -0.0000316
 Dipole Y            :         -0.0001259            0.0001425            0.0000166
 Dipole Z            :          0.0001017           -0.0001148           -0.0000131
 Magnitude           :                                                    0.0000380

 ------------------------------------------------------------------------------------

 Electrostatic potential computed on the grid and written to grid_esp.dat

*** tstop() called on peacock04 at Wed Sep 13 23:09:22 2023
Module time:
	user time   =       0.95 seconds =       0.02 minutes
	system time =       0.03 seconds =       0.00 minutes
	total time  =          0 seconds =       0.00 minutes
Total time:
	user time   =      28.09 seconds =       0.47 minutes
	system time =       0.82 seconds =       0.01 minutes
	total time  =         17 seconds =       0.28 minutes
